# JRE version: Java(TM) SE Runtime Environment (8.0_144-b01) (build 1.8.0_144-b01)
# Java VM: Java HotSpot(TM) 64-Bit Server VM (25.144-b01 mixed mode windows-amd64 compressed oops)
Heap:
 PSYoungGen      total 38400K, used 4500K [0x00000000d5800000, 0x00000000d8280000, 0x0000000100000000)
  eden space 33280K, 3% used [0x00000000d5800000,0x00000000d59489c8,0x00000000d7880000)
  from space 5120K, 62% used [0x00000000d7d80000,0x00000000d809c6c8,0x00000000d8280000)
  to   space 5120K, 0% used [0x00000000d7880000,0x00000000d7880000,0x00000000d7d80000)
 ParOldGen       total 87552K, used 8544K [0x0000000080800000, 0x0000000085d80000, 0x00000000d5800000)
  object space 87552K, 9% used [0x0000000080800000,0x0000000081058250,0x0000000085d80000)
 Metaspace       used 11820K, capacity 11997K, committed 12160K, reserved 1060864K
  class space    used 988K, capacity 1069K, committed 1152K, reserved 1048576K
GC Heap History (4 events):
Event: 3.043 GC heap before
{Heap before GC invocations=1 (full 0):
 PSYoungGen      total 38400K, used 29483K [0x00000000d5800000, 0x00000000d8280000, 0x0000000100000000)
  eden space 33280K, 88% used [0x00000000d5800000,0x00000000d74cacc8,0x00000000d7880000)
  from space 5120K, 0% used [0x00000000d7d80000,0x00000000d7d80000,0x00000000d8280000)
  to   space 5120K, 0% used [0x00000000d7880000,0x00000000d7880000,0x00000000d7d80000)
 ParOldGen       total 87552K, used 0K [0x0000000080800000, 0x0000000085d80000, 0x00000000d5800000)
  object space 87552K, 0% used [0x0000000080800000,0x0000000080800000,0x0000000085d80000)
 Metaspace       used 11605K, capacity 11867K, committed 12160K, reserved 1060864K
  class space    used 975K, capacity 1068K, committed 1152K, reserved 1048576K
Event: 3.051 GC heap after
Heap after GC invocations=1 (full 0):
 PSYoungGen      total 38400K, used 5089K [0x00000000d5800000, 0x00000000d8280000, 0x0000000100000000)
  eden space 33280K, 0% used [0x00000000d5800000,0x00000000d5800000,0x00000000d7880000)
  from space 5120K, 99% used [0x00000000d7880000,0x00000000d7d786c8,0x00000000d7d80000)
  to   space 5120K, 0% used [0x00000000d7d80000,0x00000000d7d80000,0x00000000d8280000)
 ParOldGen       total 87552K, used 8536K [0x0000000080800000, 0x0000000085d80000, 0x00000000d5800000)
  object space 87552K, 9% used [0x0000000080800000,0x0000000081056250,0x0000000085d80000)
 Metaspace       used 11605K, capacity 11867K, committed 12160K, reserved 1060864K
  class space    used 975K, capacity 1068K, committed 1152K, reserved 1048576K
}
Event: 13.707 GC heap before
{Heap before GC invocations=2 (full 0):
 PSYoungGen      total 38400K, used 38369K [0x00000000d5800000, 0x00000000d8280000, 0x0000000100000000)
  eden space 33280K, 100% used [0x00000000d5800000,0x00000000d7880000,0x00000000d7880000)
  from space 5120K, 99% used [0x00000000d7880000,0x00000000d7d786c8,0x00000000d7d80000)
  to   space 5120K, 0% used [0x00000000d7d80000,0x00000000d7d80000,0x00000000d8280000)
 ParOldGen       total 87552K, used 8536K [0x0000000080800000, 0x0000000085d80000, 0x00000000d5800000)
  object space 87552K, 9% used [0x0000000080800000,0x0000000081056250,0x0000000085d80000)
 Metaspace       used 11819K, capacity 11997K, committed 12160K, reserved 1060864K
  class space    used 988K, capacity 1069K, committed 1152K, reserved 1048576K
Event: 13.714 GC heap after
Heap after GC invocations=2 (full 0):
 PSYoungGen      total 38400K, used 3185K [0x00000000d5800000, 0x00000000d8280000, 0x0000000100000000)
  eden space 33280K, 0% used [0x00000000d5800000,0x00000000d5800000,0x00000000d7880000)
  from space 5120K, 62% used [0x00000000d7d80000,0x00000000d809c6c8,0x00000000d8280000)
  to   space 5120K, 0% used [0x00000000d7880000,0x00000000d7880000,0x00000000d7d80000)
 ParOldGen       total 87552K, used 8544K [0x0000000080800000, 0x0000000085d80000, 0x00000000d5800000)
  object space 87552K, 9% used [0x0000000080800000,0x0000000081058250,0x0000000085d80000)
 Metaspace       used 11819K, capacity 11997K, committed 12160K, reserved 1060864K
  class space    used 988K, capacity 1069K, committed 1152K, reserved 1048576K
}

