# JRE version: Java(TM) SE Runtime Environment (8.0_144-b01) (build 1.8.0_144-b01)
# Java VM: Java HotSpot(TM) 64-Bit Server VM (25.144-b01 mixed mode windows-amd64 compressed oops)
Heap:
 PSYoungGen      total 28672K, used 3139K [0x00000000e0900000, 0x00000000e2900000, 0x0000000100000000)
  eden space 24576K, 3% used [0x00000000e0900000,0x00000000e09f4988,0x00000000e2100000)
  from space 4096K, 52% used [0x00000000e2500000,0x00000000e271c2e0,0x00000000e2900000)
  to   space 4096K, 0% used [0x00000000e2100000,0x00000000e2100000,0x00000000e2500000)
 ParOldGen       total 65536K, used 9285K [0x00000000a1a00000, 0x00000000a5a00000, 0x00000000e0900000)
  object space 65536K, 14% used [0x00000000a1a00000,0x00000000a2311780,0x00000000a5a00000)
 Metaspace       used 11050K, capacity 11261K, committed 11392K, reserved 1058816K
  class space    used 957K, capacity 1037K, committed 1152K, reserved 1048576K
GC Heap History (4 events):
Event: 4.524 GC heap before
{Heap before GC invocations=1 (full 0):
 PSYoungGen      total 28672K, used 24576K [0x00000000e0900000, 0x00000000e2900000, 0x0000000100000000)
  eden space 24576K, 100% used [0x00000000e0900000,0x00000000e2100000,0x00000000e2100000)
  from space 4096K, 0% used [0x00000000e2500000,0x00000000e2500000,0x00000000e2900000)
  to   space 4096K, 0% used [0x00000000e2100000,0x00000000e2100000,0x00000000e2500000)
 ParOldGen       total 65536K, used 0K [0x00000000a1a00000, 0x00000000a5a00000, 0x00000000e0900000)
  object space 65536K, 0% used [0x00000000a1a00000,0x00000000a1a00000,0x00000000a5a00000)
 Metaspace       used 10891K, capacity 11131K, committed 11392K, reserved 1058816K
  class space    used 944K, capacity 1036K, committed 1152K, reserved 1048576K
Event: 4.531 GC heap after
Heap after GC invocations=1 (full 0):
 PSYoungGen      total 28672K, used 4077K [0x00000000e0900000, 0x00000000e2900000, 0x0000000100000000)
  eden space 24576K, 0% used [0x00000000e0900000,0x00000000e0900000,0x00000000e2100000)
  from space 4096K, 99% used [0x00000000e2100000,0x00000000e24fb738,0x00000000e2500000)
  to   space 4096K, 0% used [0x00000000e2500000,0x00000000e2500000,0x00000000e2900000)
 ParOldGen       total 65536K, used 9277K [0x00000000a1a00000, 0x00000000a5a00000, 0x00000000e0900000)
  object space 65536K, 14% used [0x00000000a1a00000,0x00000000a230f780,0x00000000a5a00000)
 Metaspace       used 10891K, capacity 11131K, committed 11392K, reserved 1058816K
  class space    used 944K, capacity 1036K, committed 1152K, reserved 1048576K
}
Event: 88.453 GC heap before
{Heap before GC invocations=2 (full 0):
 PSYoungGen      total 28672K, used 28653K [0x00000000e0900000, 0x00000000e2900000, 0x0000000100000000)
  eden space 24576K, 100% used [0x00000000e0900000,0x00000000e2100000,0x00000000e2100000)
  from space 4096K, 99% used [0x00000000e2100000,0x00000000e24fb738,0x00000000e2500000)
  to   space 4096K, 0% used [0x00000000e2500000,0x00000000e2500000,0x00000000e2900000)
 ParOldGen       total 65536K, used 9277K [0x00000000a1a00000, 0x00000000a5a00000, 0x00000000e0900000)
  object space 65536K, 14% used [0x00000000a1a00000,0x00000000a230f780,0x00000000a5a00000)
 Metaspace       used 11028K, capacity 11261K, committed 11392K, reserved 1058816K
  class space    used 957K, capacity 1037K, committed 1152K, reserved 1048576K
Event: 88.459 GC heap after
Heap after GC invocations=2 (full 0):
 PSYoungGen      total 28672K, used 2160K [0x00000000e0900000, 0x00000000e2900000, 0x0000000100000000)
  eden space 24576K, 0% used [0x00000000e0900000,0x00000000e0900000,0x00000000e2100000)
  from space 4096K, 52% used [0x00000000e2500000,0x00000000e271c2e0,0x00000000e2900000)
  to   space 4096K, 0% used [0x00000000e2100000,0x00000000e2100000,0x00000000e2500000)
 ParOldGen       total 65536K, used 9285K [0x00000000a1a00000, 0x00000000a5a00000, 0x00000000e0900000)
  object space 65536K, 14% used [0x00000000a1a00000,0x00000000a2311780,0x00000000a5a00000)
 Metaspace       used 11028K, capacity 11261K, committed 11392K, reserved 1058816K
  class space    used 957K, capacity 1037K, committed 1152K, reserved 1048576K
}

