# JRE version: Java(TM) SE Runtime Environment (8.0_144-b01) (build 1.8.0_144-b01)
# Java VM: Java HotSpot(TM) 64-Bit Server VM (25.144-b01 mixed mode windows-amd64 compressed oops)
Heap:
 PSYoungGen      total 38400K, used 4613K [0x00000000d5800000, 0x00000000d8280000, 0x0000000100000000)
  eden space 33280K, 3% used [0x00000000d5800000,0x00000000d5949080,0x00000000d7880000)
  from space 5120K, 64% used [0x00000000d7d80000,0x00000000d80b85b0,0x00000000d8280000)
  to   space 5120K, 0% used [0x00000000d7880000,0x00000000d7880000,0x00000000d7d80000)
 ParOldGen       total 87552K, used 8488K [0x0000000080800000, 0x0000000085d80000, 0x00000000d5800000)
  object space 87552K, 9% used [0x0000000080800000,0x000000008104a250,0x0000000085d80000)
 Metaspace       used 11823K, capacity 11997K, committed 12160K, reserved 1060864K
  class space    used 988K, capacity 1069K, committed 1152K, reserved 1048576K
GC Heap History (4 events):
Event: 2.916 GC heap before
{Heap before GC invocations=1 (full 0):
 PSYoungGen      total 38400K, used 28890K [0x00000000d5800000, 0x00000000d8280000, 0x0000000100000000)
  eden space 33280K, 86% used [0x00000000d5800000,0x00000000d7436910,0x00000000d7880000)
  from space 5120K, 0% used [0x00000000d7d80000,0x00000000d7d80000,0x00000000d8280000)
  to   space 5120K, 0% used [0x00000000d7880000,0x00000000d7880000,0x00000000d7d80000)
 ParOldGen       total 87552K, used 0K [0x0000000080800000, 0x0000000085d80000, 0x00000000d5800000)
  object space 87552K, 0% used [0x0000000080800000,0x0000000080800000,0x0000000085d80000)
 Metaspace       used 11605K, capacity 11867K, committed 12160K, reserved 1060864K
  class space    used 975K, capacity 1068K, committed 1152K, reserved 1048576K
Event: 2.924 GC heap after
Heap after GC invocations=1 (full 0):
 PSYoungGen      total 38400K, used 5105K [0x00000000d5800000, 0x00000000d8280000, 0x0000000100000000)
  eden space 33280K, 0% used [0x00000000d5800000,0x00000000d5800000,0x00000000d7880000)
  from space 5120K, 99% used [0x00000000d7880000,0x00000000d7d7c5b0,0x00000000d7d80000)
  to   space 5120K, 0% used [0x00000000d7d80000,0x00000000d7d80000,0x00000000d8280000)
 ParOldGen       total 87552K, used 8480K [0x0000000080800000, 0x0000000085d80000, 0x00000000d5800000)
  object space 87552K, 9% used [0x0000000080800000,0x0000000081048250,0x0000000085d80000)
 Metaspace       used 11605K, capacity 11867K, committed 12160K, reserved 1060864K
  class space    used 975K, capacity 1068K, committed 1152K, reserved 1048576K
}
Event: 4.451 GC heap before
{Heap before GC invocations=2 (full 0):
 PSYoungGen      total 38400K, used 38385K [0x00000000d5800000, 0x00000000d8280000, 0x0000000100000000)
  eden space 33280K, 100% used [0x00000000d5800000,0x00000000d7880000,0x00000000d7880000)
  from space 5120K, 99% used [0x00000000d7880000,0x00000000d7d7c5b0,0x00000000d7d80000)
  to   space 5120K, 0% used [0x00000000d7d80000,0x00000000d7d80000,0x00000000d8280000)
 ParOldGen       total 87552K, used 8480K [0x0000000080800000, 0x0000000085d80000, 0x00000000d5800000)
  object space 87552K, 9% used [0x0000000080800000,0x0000000081048250,0x0000000085d80000)
 Metaspace       used 11822K, capacity 11997K, committed 12160K, reserved 1060864K
  class space    used 988K, capacity 1069K, committed 1152K, reserved 1048576K
Event: 4.458 GC heap after
Heap after GC invocations=2 (full 0):
 PSYoungGen      total 38400K, used 3297K [0x00000000d5800000, 0x00000000d8280000, 0x0000000100000000)
  eden space 33280K, 0% used [0x00000000d5800000,0x00000000d5800000,0x00000000d7880000)
  from space 5120K, 64% used [0x00000000d7d80000,0x00000000d80b85b0,0x00000000d8280000)
  to   space 5120K, 0% used [0x00000000d7880000,0x00000000d7880000,0x00000000d7d80000)
 ParOldGen       total 87552K, used 8488K [0x0000000080800000, 0x0000000085d80000, 0x00000000d5800000)
  object space 87552K, 9% used [0x0000000080800000,0x000000008104a250,0x0000000085d80000)
 Metaspace       used 11822K, capacity 11997K, committed 12160K, reserved 1060864K
  class space    used 988K, capacity 1069K, committed 1152K, reserved 1048576K
}

