# JRE version: Java(TM) SE Runtime Environment (8.0_144-b01) (build 1.8.0_144-b01)
# Java VM: Java HotSpot(TM) 64-Bit Server VM (25.144-b01 mixed mode windows-amd64 compressed oops)
Heap:
 PSYoungGen      total 38400K, used 5640K [0x00000000d5800000, 0x00000000d8280000, 0x0000000100000000)
  eden space 33280K, 5% used [0x00000000d5800000,0x00000000d59edec8,0x00000000d7880000)
  from space 5120K, 71% used [0x00000000d7d80000,0x00000000d8114138,0x00000000d8280000)
  to   space 5120K, 0% used [0x00000000d7880000,0x00000000d7880000,0x00000000d7d80000)
 ParOldGen       total 87552K, used 9240K [0x0000000080800000, 0x0000000085d80000, 0x00000000d5800000)
  object space 87552K, 10% used [0x0000000080800000,0x0000000081106030,0x0000000085d80000)
 Metaspace       used 11711K, capacity 11929K, committed 12160K, reserved 1060864K
  class space    used 985K, capacity 1069K, committed 1152K, reserved 1048576K
GC Heap History (4 events):
Event: 2.601 GC heap before
{Heap before GC invocations=1 (full 0):
 PSYoungGen      total 38400K, used 28565K [0x00000000d5800000, 0x00000000d8280000, 0x0000000100000000)
  eden space 33280K, 85% used [0x00000000d5800000,0x00000000d73e5700,0x00000000d7880000)
  from space 5120K, 0% used [0x00000000d7d80000,0x00000000d7d80000,0x00000000d8280000)
  to   space 5120K, 0% used [0x00000000d7880000,0x00000000d7880000,0x00000000d7d80000)
 ParOldGen       total 87552K, used 0K [0x0000000080800000, 0x0000000085d80000, 0x00000000d5800000)
  object space 87552K, 0% used [0x0000000080800000,0x0000000080800000,0x0000000085d80000)
 Metaspace       used 11496K, capacity 11735K, committed 11904K, reserved 1060864K
  class space    used 972K, capacity 1068K, committed 1152K, reserved 1048576K
Event: 2.610 GC heap after
Heap after GC invocations=1 (full 0):
 PSYoungGen      total 38400K, used 4520K [0x00000000d5800000, 0x00000000d8280000, 0x0000000100000000)
  eden space 33280K, 0% used [0x00000000d5800000,0x00000000d5800000,0x00000000d7880000)
  from space 5120K, 88% used [0x00000000d7880000,0x00000000d7cea3f8,0x00000000d7d80000)
  to   space 5120K, 0% used [0x00000000d7d80000,0x00000000d7d80000,0x00000000d8280000)
 ParOldGen       total 87552K, used 9232K [0x0000000080800000, 0x0000000085d80000, 0x00000000d5800000)
  object space 87552K, 10% used [0x0000000080800000,0x0000000081104030,0x0000000085d80000)
 Metaspace       used 11496K, capacity 11735K, committed 11904K, reserved 1060864K
  class space    used 972K, capacity 1068K, committed 1152K, reserved 1048576K
}
Event: 4.241 GC heap before
{Heap before GC invocations=2 (full 0):
 PSYoungGen      total 38400K, used 37800K [0x00000000d5800000, 0x00000000d8280000, 0x0000000100000000)
  eden space 33280K, 100% used [0x00000000d5800000,0x00000000d7880000,0x00000000d7880000)
  from space 5120K, 88% used [0x00000000d7880000,0x00000000d7cea3f8,0x00000000d7d80000)
  to   space 5120K, 0% used [0x00000000d7d80000,0x00000000d7d80000,0x00000000d8280000)
 ParOldGen       total 87552K, used 9232K [0x0000000080800000, 0x0000000085d80000, 0x00000000d5800000)
  object space 87552K, 10% used [0x0000000080800000,0x0000000081104030,0x0000000085d80000)
 Metaspace       used 11710K, capacity 11865K, committed 12160K, reserved 1060864K
  class space    used 985K, capacity 1069K, committed 1152K, reserved 1048576K
Event: 4.248 GC heap after
Heap after GC invocations=2 (full 0):
 PSYoungGen      total 38400K, used 3664K [0x00000000d5800000, 0x00000000d8280000, 0x0000000100000000)
  eden space 33280K, 0% used [0x00000000d5800000,0x00000000d5800000,0x00000000d7880000)
  from space 5120K, 71% used [0x00000000d7d80000,0x00000000d8114138,0x00000000d8280000)
  to   space 5120K, 0% used [0x00000000d7880000,0x00000000d7880000,0x00000000d7d80000)
 ParOldGen       total 87552K, used 9240K [0x0000000080800000, 0x0000000085d80000, 0x00000000d5800000)
  object space 87552K, 10% used [0x0000000080800000,0x0000000081106030,0x0000000085d80000)
 Metaspace       used 11710K, capacity 11865K, committed 12160K, reserved 1060864K
  class space    used 985K, capacity 1069K, committed 1152K, reserved 1048576K
}

